{"/Users/vahangrigoryan/Desktop/numConversion/assessment/src/index.ts": {"path":"/Users/vahangrigoryan/Desktop/numConversion/assessment/src/index.ts","statementMap":{"0":{"start":{"line":1,"column":0},"end":{"line":1,"column":41}},"1":{"start":{"line":2,"column":0},"end":{"line":2,"column":33}},"2":{"start":{"line":3,"column":0},"end":{"line":3,"column":31}},"3":{"start":{"line":4,"column":0},"end":{"line":4,"column":41}},"4":{"start":{"line":5,"column":0},"end":{"line":5,"column":43}},"5":{"start":{"line":6,"column":0},"end":{"line":6,"column":41}},"6":{"start":{"line":7,"column":0},"end":{"line":7,"column":41}},"7":{"start":{"line":8,"column":0},"end":{"line":8,"column":43}},"8":{"start":{"line":10,"column":26},"end":{"line":33,"column":1}},"9":{"start":{"line":11,"column":15},"end":{"line":11,"column":38}},"10":{"start":{"line":12,"column":17},"end":{"line":12,"column":27}},"11":{"start":{"line":13,"column":15},"end":{"line":13,"column":17}},"12":{"start":{"line":15,"column":3},"end":{"line":15,"column":48}},"13":{"start":{"line":15,"column":19},"end":{"line":15,"column":48}},"14":{"start":{"line":17,"column":3},"end":{"line":17,"column":49}},"15":{"start":{"line":17,"column":19},"end":{"line":17,"column":49}},"16":{"start":{"line":19,"column":3},"end":{"line":19,"column":53}},"17":{"start":{"line":19,"column":19},"end":{"line":19,"column":53}},"18":{"start":{"line":21,"column":3},"end":{"line":26,"column":null}},"19":{"start":{"line":23,"column":7},"end":{"line":23,"column":null}},"20":{"start":{"line":23,"column":28},"end":{"line":23,"column":null}},"21":{"start":{"line":25,"column":7},"end":{"line":25,"column":62}},"22":{"start":{"line":25,"column":27},"end":{"line":25,"column":62}},"23":{"start":{"line":28,"column":3},"end":{"line":28,"column":53}},"24":{"start":{"line":28,"column":19},"end":{"line":28,"column":53}},"25":{"start":{"line":30,"column":3},"end":{"line":30,"column":54}},"26":{"start":{"line":30,"column":20},"end":{"line":30,"column":54}},"27":{"start":{"line":32,"column":3},"end":{"line":32,"column":55}},"28":{"start":{"line":32,"column":20},"end":{"line":32,"column":55}},"29":{"start":{"line":10,"column":13},"end":{"line":10,"column":26}},"30":{"start":{"line":35,"column":12},"end":{"line":35,"column":15}},"31":{"start":{"line":38,"column":0},"end":{"line":38,"column":29}}},"fnMap":{"0":{"name":"(anonymous_1)","decl":{"start":{"line":10,"column":26},"end":{"line":10,"column":27}},"loc":{"start":{"line":10,"column":40},"end":{"line":33,"column":1}}}},"branchMap":{"0":{"loc":{"start":{"line":15,"column":3},"end":{"line":15,"column":48}},"type":"if","locations":[{"start":{"line":15,"column":3},"end":{"line":15,"column":48}}]},"1":{"loc":{"start":{"line":17,"column":3},"end":{"line":17,"column":49}},"type":"if","locations":[{"start":{"line":17,"column":3},"end":{"line":17,"column":49}}]},"2":{"loc":{"start":{"line":19,"column":3},"end":{"line":19,"column":53}},"type":"if","locations":[{"start":{"line":19,"column":3},"end":{"line":19,"column":53}}]},"3":{"loc":{"start":{"line":21,"column":3},"end":{"line":26,"column":null}},"type":"if","locations":[{"start":{"line":21,"column":3},"end":{"line":26,"column":null}}]},"4":{"loc":{"start":{"line":23,"column":7},"end":{"line":23,"column":null}},"type":"if","locations":[{"start":{"line":23,"column":7},"end":{"line":23,"column":null}}]},"5":{"loc":{"start":{"line":25,"column":7},"end":{"line":25,"column":62}},"type":"if","locations":[{"start":{"line":25,"column":7},"end":{"line":25,"column":62}}]},"6":{"loc":{"start":{"line":28,"column":3},"end":{"line":28,"column":53}},"type":"if","locations":[{"start":{"line":28,"column":3},"end":{"line":28,"column":53}}]},"7":{"loc":{"start":{"line":30,"column":3},"end":{"line":30,"column":54}},"type":"if","locations":[{"start":{"line":30,"column":3},"end":{"line":30,"column":54}}]},"8":{"loc":{"start":{"line":32,"column":3},"end":{"line":32,"column":55}},"type":"if","locations":[{"start":{"line":32,"column":3},"end":{"line":32,"column":55}}]}},"s":{"0":1,"1":1,"2":1,"3":1,"4":1,"5":1,"6":1,"7":1,"8":1,"9":21,"10":21,"11":21,"12":21,"13":2,"14":19,"15":8,"16":11,"17":11,"18":0,"19":0,"20":0,"21":0,"22":0,"23":0,"24":0,"25":0,"26":0,"27":0,"28":0,"29":1,"30":1,"31":1},"f":{"0":21},"b":{"0":[2],"1":[8],"2":[11],"3":[0],"4":[0],"5":[0],"6":[0],"7":[0],"8":[0]}}
,"/Users/vahangrigoryan/Desktop/numConversion/assessment/src/helper/billions.ts": {"path":"/Users/vahangrigoryan/Desktop/numConversion/assessment/src/helper/billions.ts","statementMap":{"0":{"start":{"line":1,"column":0},"end":{"line":1,"column":42}},"1":{"start":{"line":2,"column":0},"end":{"line":2,"column":26}},"2":{"start":{"line":3,"column":0},"end":{"line":3,"column":34}},"3":{"start":{"line":5,"column":0},"end":{"line":5,"column":34}},"4":{"start":{"line":9,"column":4},"end":{"line":9,"column":26}},"5":{"start":{"line":10,"column":4},"end":{"line":10,"column":null}},"6":{"start":{"line":12,"column":4},"end":{"line":16,"column":null}},"7":{"start":{"line":13,"column":8},"end":{"line":13,"column":35}},"8":{"start":{"line":14,"column":8},"end":{"line":14,"column":38}},"9":{"start":{"line":15,"column":8},"end":{"line":15,"column":44}},"10":{"start":{"line":18,"column":4},"end":{"line":29,"column":null}},"11":{"start":{"line":18,"column":30},"end":{"line":18,"column":60}},"12":{"start":{"line":20,"column":24},"end":{"line":20,"column":45}},"13":{"start":{"line":22,"column":8},"end":{"line":24,"column":null}},"14":{"start":{"line":23,"column":12},"end":{"line":23,"column":80}},"15":{"start":{"line":25,"column":8},"end":{"line":27,"column":null}},"16":{"start":{"line":26,"column":12},"end":{"line":26,"column":84}},"17":{"start":{"line":28,"column":8},"end":{"line":28,"column":56}},"18":{"start":{"line":31,"column":4},"end":{"line":34,"column":null}},"19":{"start":{"line":33,"column":8},"end":{"line":33,"column":145}},"20":{"start":{"line":36,"column":4},"end":{"line":39,"column":null}},"21":{"start":{"line":38,"column":8},"end":{"line":38,"column":178}},"22":{"start":{"line":41,"column":4},"end":{"line":44,"column":null}},"23":{"start":{"line":43,"column":8},"end":{"line":43,"column":182}},"24":{"start":{"line":7,"column":0},"end":{"line":7,"column":24}}},"fnMap":{"0":{"name":"billions","decl":{"start":{"line":7,"column":24},"end":{"line":7,"column":32}},"loc":{"start":{"line":7,"column":76},"end":{"line":45,"column":1}}},"1":{"name":"(anonymous_2)","decl":{"start":{"line":18,"column":20},"end":{"line":18,"column":21}},"loc":{"start":{"line":18,"column":25},"end":{"line":18,"column":36}}}},"branchMap":{"0":{"loc":{"start":{"line":12,"column":4},"end":{"line":16,"column":null}},"type":"if","locations":[{"start":{"line":12,"column":4},"end":{"line":16,"column":null}}]},"1":{"loc":{"start":{"line":18,"column":4},"end":{"line":29,"column":null}},"type":"if","locations":[{"start":{"line":18,"column":4},"end":{"line":29,"column":null}}]},"2":{"loc":{"start":{"line":22,"column":8},"end":{"line":24,"column":null}},"type":"if","locations":[{"start":{"line":22,"column":8},"end":{"line":24,"column":null}}]},"3":{"loc":{"start":{"line":25,"column":8},"end":{"line":27,"column":null}},"type":"if","locations":[{"start":{"line":25,"column":8},"end":{"line":27,"column":null}}]},"4":{"loc":{"start":{"line":31,"column":4},"end":{"line":34,"column":null}},"type":"if","locations":[{"start":{"line":31,"column":4},"end":{"line":34,"column":null}}]},"5":{"loc":{"start":{"line":36,"column":4},"end":{"line":39,"column":null}},"type":"if","locations":[{"start":{"line":36,"column":4},"end":{"line":39,"column":null}}]},"6":{"loc":{"start":{"line":41,"column":4},"end":{"line":44,"column":null}},"type":"if","locations":[{"start":{"line":41,"column":4},"end":{"line":44,"column":null}}]}},"s":{"0":1,"1":1,"2":1,"3":1,"4":0,"5":0,"6":0,"7":0,"8":0,"9":0,"10":0,"11":0,"12":0,"13":0,"14":0,"15":0,"16":0,"17":0,"18":0,"19":0,"20":0,"21":0,"22":0,"23":0,"24":1},"f":{"0":0,"1":0},"b":{"0":[0],"1":[0],"2":[0],"3":[0],"4":[0],"5":[0],"6":[0]}}
,"/Users/vahangrigoryan/Desktop/numConversion/assessment/src/helper/hundreds.ts": {"path":"/Users/vahangrigoryan/Desktop/numConversion/assessment/src/helper/hundreds.ts","statementMap":{"0":{"start":{"line":1,"column":0},"end":{"line":1,"column":42}},"1":{"start":{"line":2,"column":0},"end":{"line":2,"column":41}},"2":{"start":{"line":3,"column":0},"end":{"line":3,"column":26}},"3":{"start":{"line":6,"column":4},"end":{"line":6,"column":50}},"4":{"start":{"line":6,"column":25},"end":{"line":6,"column":50}},"5":{"start":{"line":8,"column":4},"end":{"line":12,"column":null}},"6":{"start":{"line":9,"column":8},"end":{"line":9,"column":35}},"7":{"start":{"line":10,"column":8},"end":{"line":10,"column":38}},"8":{"start":{"line":11,"column":8},"end":{"line":11,"column":40}},"9":{"start":{"line":14,"column":4},"end":{"line":17,"column":null}},"10":{"start":{"line":14,"column":30},"end":{"line":14,"column":60}},"11":{"start":{"line":15,"column":8},"end":{"line":15,"column":63}},"12":{"start":{"line":16,"column":8},"end":{"line":16,"column":20}},"13":{"start":{"line":19,"column":4},"end":{"line":22,"column":null}},"14":{"start":{"line":20,"column":8},"end":{"line":20,"column":100}},"15":{"start":{"line":21,"column":8},"end":{"line":21,"column":null}},"16":{"start":{"line":5,"column":0},"end":{"line":5,"column":24}}},"fnMap":{"0":{"name":"hundreds","decl":{"start":{"line":5,"column":24},"end":{"line":5,"column":32}},"loc":{"start":{"line":5,"column":76},"end":{"line":23,"column":1}}},"1":{"name":"(anonymous_2)","decl":{"start":{"line":14,"column":20},"end":{"line":14,"column":21}},"loc":{"start":{"line":14,"column":25},"end":{"line":14,"column":36}}}},"branchMap":{"0":{"loc":{"start":{"line":6,"column":4},"end":{"line":6,"column":50}},"type":"if","locations":[{"start":{"line":6,"column":4},"end":{"line":6,"column":50}}]},"1":{"loc":{"start":{"line":8,"column":4},"end":{"line":12,"column":null}},"type":"if","locations":[{"start":{"line":8,"column":4},"end":{"line":12,"column":null}}]},"2":{"loc":{"start":{"line":14,"column":4},"end":{"line":17,"column":null}},"type":"if","locations":[{"start":{"line":14,"column":4},"end":{"line":17,"column":null}}]},"3":{"loc":{"start":{"line":19,"column":4},"end":{"line":22,"column":null}},"type":"if","locations":[{"start":{"line":19,"column":4},"end":{"line":22,"column":null}}]},"4":{"loc":{"start":{"line":19,"column":9},"end":{"line":19,"column":36}},"type":"binary-expr","locations":[{"start":{"line":19,"column":9},"end":{"line":19,"column":20}},{"start":{"line":19,"column":24},"end":{"line":19,"column":36}}]}},"s":{"0":1,"1":1,"2":1,"3":11,"4":1,"5":10,"6":0,"7":0,"8":0,"9":10,"10":20,"11":1,"12":1,"13":9,"14":9,"15":9,"16":1},"f":{"0":11,"1":20},"b":{"0":[1],"1":[0],"2":[1],"3":[9],"4":[9,9]}}
,"/Users/vahangrigoryan/Desktop/numConversion/assessment/src/helper/millions.ts": {"path":"/Users/vahangrigoryan/Desktop/numConversion/assessment/src/helper/millions.ts","statementMap":{"0":{"start":{"line":1,"column":0},"end":{"line":1,"column":42}},"1":{"start":{"line":2,"column":0},"end":{"line":2,"column":36}},"2":{"start":{"line":3,"column":0},"end":{"line":3,"column":26}},"3":{"start":{"line":4,"column":0},"end":{"line":4,"column":34}},"4":{"start":{"line":9,"column":4},"end":{"line":13,"column":null}},"5":{"start":{"line":10,"column":8},"end":{"line":10,"column":35}},"6":{"start":{"line":11,"column":8},"end":{"line":11,"column":38}},"7":{"start":{"line":12,"column":8},"end":{"line":12,"column":45}},"8":{"start":{"line":15,"column":4},"end":{"line":26,"column":null}},"9":{"start":{"line":15,"column":30},"end":{"line":15,"column":60}},"10":{"start":{"line":17,"column":24},"end":{"line":17,"column":45}},"11":{"start":{"line":19,"column":8},"end":{"line":21,"column":null}},"12":{"start":{"line":20,"column":12},"end":{"line":20,"column":80}},"13":{"start":{"line":22,"column":8},"end":{"line":24,"column":null}},"14":{"start":{"line":23,"column":12},"end":{"line":23,"column":84}},"15":{"start":{"line":25,"column":8},"end":{"line":25,"column":56}},"16":{"start":{"line":28,"column":4},"end":{"line":31,"column":null}},"17":{"start":{"line":30,"column":8},"end":{"line":30,"column":140}},"18":{"start":{"line":33,"column":4},"end":{"line":36,"column":null}},"19":{"start":{"line":35,"column":12},"end":{"line":35,"column":177}},"20":{"start":{"line":38,"column":4},"end":{"line":41,"column":null}},"21":{"start":{"line":40,"column":8},"end":{"line":40,"column":177}},"22":{"start":{"line":7,"column":0},"end":{"line":7,"column":24}}},"fnMap":{"0":{"name":"millions","decl":{"start":{"line":7,"column":24},"end":{"line":7,"column":32}},"loc":{"start":{"line":7,"column":76},"end":{"line":43,"column":1}}},"1":{"name":"(anonymous_2)","decl":{"start":{"line":15,"column":20},"end":{"line":15,"column":21}},"loc":{"start":{"line":15,"column":25},"end":{"line":15,"column":36}}}},"branchMap":{"0":{"loc":{"start":{"line":9,"column":4},"end":{"line":13,"column":null}},"type":"if","locations":[{"start":{"line":9,"column":4},"end":{"line":13,"column":null}}]},"1":{"loc":{"start":{"line":15,"column":4},"end":{"line":26,"column":null}},"type":"if","locations":[{"start":{"line":15,"column":4},"end":{"line":26,"column":null}}]},"2":{"loc":{"start":{"line":19,"column":8},"end":{"line":21,"column":null}},"type":"if","locations":[{"start":{"line":19,"column":8},"end":{"line":21,"column":null}}]},"3":{"loc":{"start":{"line":22,"column":8},"end":{"line":24,"column":null}},"type":"if","locations":[{"start":{"line":22,"column":8},"end":{"line":24,"column":null}}]},"4":{"loc":{"start":{"line":28,"column":4},"end":{"line":31,"column":null}},"type":"if","locations":[{"start":{"line":28,"column":4},"end":{"line":31,"column":null}}]},"5":{"loc":{"start":{"line":33,"column":4},"end":{"line":36,"column":null}},"type":"if","locations":[{"start":{"line":33,"column":4},"end":{"line":36,"column":null}}]},"6":{"loc":{"start":{"line":38,"column":4},"end":{"line":41,"column":null}},"type":"if","locations":[{"start":{"line":38,"column":4},"end":{"line":41,"column":null}}]}},"s":{"0":1,"1":1,"2":1,"3":1,"4":0,"5":0,"6":0,"7":0,"8":0,"9":0,"10":0,"11":0,"12":0,"13":0,"14":0,"15":0,"16":0,"17":0,"18":0,"19":0,"20":0,"21":0,"22":1},"f":{"0":0,"1":0},"b":{"0":[0],"1":[0],"2":[0],"3":[0],"4":[0],"5":[0],"6":[0]}}
,"/Users/vahangrigoryan/Desktop/numConversion/assessment/src/helper/one.ts": {"path":"/Users/vahangrigoryan/Desktop/numConversion/assessment/src/helper/one.ts","statementMap":{"0":{"start":{"line":1,"column":0},"end":{"line":1,"column":42}},"1":{"start":{"line":4,"column":23},"end":{"line":4,"column":29}},"2":{"start":{"line":5,"column":4},"end":{"line":7,"column":null}},"3":{"start":{"line":6,"column":8},"end":{"line":6,"column":34}},"4":{"start":{"line":8,"column":4},"end":{"line":8,"column":16}},"5":{"start":{"line":3,"column":0},"end":{"line":3,"column":24}}},"fnMap":{"0":{"name":"one","decl":{"start":{"line":3,"column":24},"end":{"line":3,"column":27}},"loc":{"start":{"line":3,"column":71},"end":{"line":9,"column":1}}}},"branchMap":{"0":{"loc":{"start":{"line":5,"column":4},"end":{"line":7,"column":null}},"type":"if","locations":[{"start":{"line":5,"column":4},"end":{"line":7,"column":null}}]}},"s":{"0":1,"1":5,"2":5,"3":5,"4":5,"5":1},"f":{"0":5},"b":{"0":[5]}}
,"/Users/vahangrigoryan/Desktop/numConversion/assessment/src/helper/tens.ts": {"path":"/Users/vahangrigoryan/Desktop/numConversion/assessment/src/helper/tens.ts","statementMap":{"0":{"start":{"line":1,"column":0},"end":{"line":1,"column":42}},"1":{"start":{"line":2,"column":0},"end":{"line":2,"column":24}},"2":{"start":{"line":6,"column":4},"end":{"line":10,"column":null}},"3":{"start":{"line":7,"column":8},"end":{"line":7,"column":35}},"4":{"start":{"line":8,"column":8},"end":{"line":8,"column":38}},"5":{"start":{"line":9,"column":8},"end":{"line":9,"column":39}},"6":{"start":{"line":12,"column":4},"end":{"line":15,"column":null}},"7":{"start":{"line":13,"column":8},"end":{"line":13,"column":38}},"8":{"start":{"line":14,"column":8},"end":{"line":14,"column":20}},"9":{"start":{"line":16,"column":4},"end":{"line":19,"column":null}},"10":{"start":{"line":16,"column":30},"end":{"line":16,"column":60}},"11":{"start":{"line":17,"column":8},"end":{"line":17,"column":38}},"12":{"start":{"line":18,"column":8},"end":{"line":18,"column":20}},"13":{"start":{"line":20,"column":4},"end":{"line":23,"column":null}},"14":{"start":{"line":21,"column":8},"end":{"line":21,"column":68}},"15":{"start":{"line":22,"column":8},"end":{"line":22,"column":20}},"16":{"start":{"line":24,"column":4},"end":{"line":24,"column":16}},"17":{"start":{"line":4,"column":0},"end":{"line":4,"column":24}}},"fnMap":{"0":{"name":"tens","decl":{"start":{"line":4,"column":24},"end":{"line":4,"column":28}},"loc":{"start":{"line":4,"column":72},"end":{"line":25,"column":1}}},"1":{"name":"(anonymous_2)","decl":{"start":{"line":16,"column":20},"end":{"line":16,"column":21}},"loc":{"start":{"line":16,"column":25},"end":{"line":16,"column":36}}}},"branchMap":{"0":{"loc":{"start":{"line":6,"column":4},"end":{"line":10,"column":null}},"type":"if","locations":[{"start":{"line":6,"column":4},"end":{"line":10,"column":null}}]},"1":{"loc":{"start":{"line":12,"column":4},"end":{"line":15,"column":null}},"type":"if","locations":[{"start":{"line":12,"column":4},"end":{"line":15,"column":null}}]},"2":{"loc":{"start":{"line":16,"column":4},"end":{"line":19,"column":null}},"type":"if","locations":[{"start":{"line":16,"column":4},"end":{"line":19,"column":null}}]},"3":{"loc":{"start":{"line":20,"column":4},"end":{"line":23,"column":null}},"type":"if","locations":[{"start":{"line":20,"column":4},"end":{"line":23,"column":null}}]}},"s":{"0":1,"1":1,"2":14,"3":0,"4":0,"5":0,"6":14,"7":2,"8":2,"9":12,"10":12,"11":3,"12":3,"13":9,"14":9,"15":9,"16":0,"17":1},"f":{"0":14,"1":12},"b":{"0":[0],"1":[2],"2":[3],"3":[9]}}
,"/Users/vahangrigoryan/Desktop/numConversion/assessment/src/helper/thousands.ts": {"path":"/Users/vahangrigoryan/Desktop/numConversion/assessment/src/helper/thousands.ts","statementMap":{"0":{"start":{"line":1,"column":0},"end":{"line":1,"column":42}},"1":{"start":{"line":2,"column":0},"end":{"line":2,"column":26}},"2":{"start":{"line":3,"column":0},"end":{"line":3,"column":24}},"3":{"start":{"line":4,"column":0},"end":{"line":4,"column":34}},"4":{"start":{"line":7,"column":22},"end":{"line":7,"column":32}},"5":{"start":{"line":9,"column":8},"end":{"line":13,"column":null}},"6":{"start":{"line":10,"column":12},"end":{"line":10,"column":39}},"7":{"start":{"line":11,"column":12},"end":{"line":11,"column":42}},"8":{"start":{"line":12,"column":10},"end":{"line":12,"column":46}},"9":{"start":{"line":15,"column":8},"end":{"line":27,"column":null}},"10":{"start":{"line":15,"column":34},"end":{"line":15,"column":64}},"11":{"start":{"line":17,"column":32},"end":{"line":17,"column":53}},"12":{"start":{"line":19,"column":16},"end":{"line":21,"column":null}},"13":{"start":{"line":20,"column":23},"end":{"line":20,"column":91}},"14":{"start":{"line":22,"column":16},"end":{"line":24,"column":null}},"15":{"start":{"line":23,"column":23},"end":{"line":23,"column":95}},"16":{"start":{"line":25,"column":16},"end":{"line":25,"column":63}},"17":{"start":{"line":26,"column":16},"end":{"line":26,"column":28}},"18":{"start":{"line":29,"column":8},"end":{"line":35,"column":null}},"19":{"start":{"line":30,"column":16},"end":{"line":33,"column":null}},"20":{"start":{"line":31,"column":20},"end":{"line":31,"column":150}},"21":{"start":{"line":32,"column":20},"end":{"line":32,"column":null}},"22":{"start":{"line":34,"column":16},"end":{"line":34,"column":148}},"23":{"start":{"line":36,"column":8},"end":{"line":50,"column":null}},"24":{"start":{"line":37,"column":29},"end":{"line":37,"column":83}},"25":{"start":{"line":38,"column":27},"end":{"line":38,"column":85}},"26":{"start":{"line":40,"column":12},"end":{"line":43,"column":null}},"27":{"start":{"line":42,"column":16},"end":{"line":42,"column":135}},"28":{"start":{"line":44,"column":12},"end":{"line":47,"column":null}},"29":{"start":{"line":46,"column":16},"end":{"line":46,"column":136}},"30":{"start":{"line":49,"column":10},"end":{"line":49,"column":80}},"31":{"start":{"line":51,"column":8},"end":{"line":69,"column":null}},"32":{"start":{"line":52,"column":28},"end":{"line":52,"column":86}},"33":{"start":{"line":54,"column":12},"end":{"line":57,"column":null}},"34":{"start":{"line":56,"column":16},"end":{"line":56,"column":null}},"35":{"start":{"line":58,"column":12},"end":{"line":61,"column":null}},"36":{"start":{"line":60,"column":16},"end":{"line":60,"column":null}},"37":{"start":{"line":62,"column":12},"end":{"line":65,"column":null}},"38":{"start":{"line":64,"column":16},"end":{"line":64,"column":null}},"39":{"start":{"line":67,"column":12},"end":{"line":67,"column":null}},"40":{"start":{"line":71,"column":8},"end":{"line":71,"column":null}},"41":{"start":{"line":6,"column":0},"end":{"line":6,"column":24}}},"fnMap":{"0":{"name":"thousands","decl":{"start":{"line":6,"column":24},"end":{"line":6,"column":33}},"loc":{"start":{"line":6,"column":77},"end":{"line":72,"column":1}}},"1":{"name":"(anonymous_2)","decl":{"start":{"line":15,"column":24},"end":{"line":15,"column":25}},"loc":{"start":{"line":15,"column":29},"end":{"line":15,"column":40}}}},"branchMap":{"0":{"loc":{"start":{"line":9,"column":8},"end":{"line":13,"column":null}},"type":"if","locations":[{"start":{"line":9,"column":8},"end":{"line":13,"column":null}}]},"1":{"loc":{"start":{"line":15,"column":8},"end":{"line":27,"column":null}},"type":"if","locations":[{"start":{"line":15,"column":8},"end":{"line":27,"column":null}}]},"2":{"loc":{"start":{"line":19,"column":16},"end":{"line":21,"column":null}},"type":"if","locations":[{"start":{"line":19,"column":16},"end":{"line":21,"column":null}}]},"3":{"loc":{"start":{"line":22,"column":16},"end":{"line":24,"column":null}},"type":"if","locations":[{"start":{"line":22,"column":16},"end":{"line":24,"column":null}}]},"4":{"loc":{"start":{"line":29,"column":8},"end":{"line":35,"column":null}},"type":"if","locations":[{"start":{"line":29,"column":8},"end":{"line":35,"column":null}}]},"5":{"loc":{"start":{"line":30,"column":16},"end":{"line":33,"column":null}},"type":"if","locations":[{"start":{"line":30,"column":16},"end":{"line":33,"column":null}}]},"6":{"loc":{"start":{"line":30,"column":21},"end":{"line":30,"column":51}},"type":"binary-expr","locations":[{"start":{"line":30,"column":21},"end":{"line":30,"column":34}},{"start":{"line":30,"column":38},"end":{"line":30,"column":51}}]},"7":{"loc":{"start":{"line":36,"column":8},"end":{"line":50,"column":null}},"type":"if","locations":[{"start":{"line":36,"column":8},"end":{"line":50,"column":null}}]},"8":{"loc":{"start":{"line":40,"column":12},"end":{"line":43,"column":null}},"type":"if","locations":[{"start":{"line":40,"column":12},"end":{"line":43,"column":null}}]},"9":{"loc":{"start":{"line":40,"column":17},"end":{"line":40,"column":47}},"type":"binary-expr","locations":[{"start":{"line":40,"column":17},"end":{"line":40,"column":30}},{"start":{"line":40,"column":34},"end":{"line":40,"column":47}}]},"10":{"loc":{"start":{"line":44,"column":12},"end":{"line":47,"column":null}},"type":"if","locations":[{"start":{"line":44,"column":12},"end":{"line":47,"column":null}}]},"11":{"loc":{"start":{"line":51,"column":8},"end":{"line":69,"column":null}},"type":"if","locations":[{"start":{"line":51,"column":8},"end":{"line":69,"column":null}}]},"12":{"loc":{"start":{"line":54,"column":12},"end":{"line":57,"column":null}},"type":"if","locations":[{"start":{"line":54,"column":12},"end":{"line":57,"column":null}}]},"13":{"loc":{"start":{"line":54,"column":16},"end":{"line":54,"column":63}},"type":"binary-expr","locations":[{"start":{"line":54,"column":16},"end":{"line":54,"column":29}},{"start":{"line":54,"column":33},"end":{"line":54,"column":46}},{"start":{"line":54,"column":50},"end":{"line":54,"column":63}}]},"14":{"loc":{"start":{"line":58,"column":12},"end":{"line":61,"column":null}},"type":"if","locations":[{"start":{"line":58,"column":12},"end":{"line":61,"column":null}}]},"15":{"loc":{"start":{"line":58,"column":17},"end":{"line":58,"column":47}},"type":"binary-expr","locations":[{"start":{"line":58,"column":17},"end":{"line":58,"column":30}},{"start":{"line":58,"column":34},"end":{"line":58,"column":47}}]},"16":{"loc":{"start":{"line":62,"column":12},"end":{"line":65,"column":null}},"type":"if","locations":[{"start":{"line":62,"column":12},"end":{"line":65,"column":null}}]}},"s":{"0":1,"1":1,"2":1,"3":1,"4":0,"5":0,"6":0,"7":0,"8":0,"9":0,"10":0,"11":0,"12":0,"13":0,"14":0,"15":0,"16":0,"17":0,"18":0,"19":0,"20":0,"21":0,"22":0,"23":0,"24":0,"25":0,"26":0,"27":0,"28":0,"29":0,"30":0,"31":0,"32":0,"33":0,"34":0,"35":0,"36":0,"37":0,"38":0,"39":0,"40":0,"41":1},"f":{"0":0,"1":0},"b":{"0":[0],"1":[0],"2":[0],"3":[0],"4":[0],"5":[0],"6":[0,0],"7":[0],"8":[0],"9":[0,0],"10":[0],"11":[0],"12":[0],"13":[0,0,0],"14":[0],"15":[0,0],"16":[0]}}
,"/Users/vahangrigoryan/Desktop/numConversion/assessment/src/helper/trillions.ts": {"path":"/Users/vahangrigoryan/Desktop/numConversion/assessment/src/helper/trillions.ts","statementMap":{"0":{"start":{"line":1,"column":0},"end":{"line":1,"column":42}},"1":{"start":{"line":3,"column":0},"end":{"line":3,"column":26}},"2":{"start":{"line":4,"column":0},"end":{"line":4,"column":34}},"3":{"start":{"line":6,"column":0},"end":{"line":6,"column":34}},"4":{"start":{"line":12,"column":4},"end":{"line":23,"column":null}},"5":{"start":{"line":12,"column":30},"end":{"line":12,"column":60}},"6":{"start":{"line":14,"column":24},"end":{"line":14,"column":45}},"7":{"start":{"line":16,"column":8},"end":{"line":18,"column":null}},"8":{"start":{"line":17,"column":12},"end":{"line":17,"column":80}},"9":{"start":{"line":19,"column":8},"end":{"line":21,"column":null}},"10":{"start":{"line":20,"column":12},"end":{"line":20,"column":84}},"11":{"start":{"line":22,"column":8},"end":{"line":22,"column":56}},"12":{"start":{"line":25,"column":4},"end":{"line":28,"column":null}},"13":{"start":{"line":27,"column":8},"end":{"line":27,"column":145}},"14":{"start":{"line":30,"column":4},"end":{"line":33,"column":null}},"15":{"start":{"line":32,"column":8},"end":{"line":32,"column":178}},"16":{"start":{"line":35,"column":4},"end":{"line":38,"column":null}},"17":{"start":{"line":37,"column":8},"end":{"line":37,"column":182}},"18":{"start":{"line":9,"column":0},"end":{"line":9,"column":24}}},"fnMap":{"0":{"name":"trillions","decl":{"start":{"line":9,"column":24},"end":{"line":9,"column":33}},"loc":{"start":{"line":9,"column":77},"end":{"line":40,"column":1}}},"1":{"name":"(anonymous_2)","decl":{"start":{"line":12,"column":20},"end":{"line":12,"column":21}},"loc":{"start":{"line":12,"column":25},"end":{"line":12,"column":36}}}},"branchMap":{"0":{"loc":{"start":{"line":12,"column":4},"end":{"line":23,"column":null}},"type":"if","locations":[{"start":{"line":12,"column":4},"end":{"line":23,"column":null}}]},"1":{"loc":{"start":{"line":16,"column":8},"end":{"line":18,"column":null}},"type":"if","locations":[{"start":{"line":16,"column":8},"end":{"line":18,"column":null}}]},"2":{"loc":{"start":{"line":19,"column":8},"end":{"line":21,"column":null}},"type":"if","locations":[{"start":{"line":19,"column":8},"end":{"line":21,"column":null}}]},"3":{"loc":{"start":{"line":25,"column":4},"end":{"line":28,"column":null}},"type":"if","locations":[{"start":{"line":25,"column":4},"end":{"line":28,"column":null}}]},"4":{"loc":{"start":{"line":30,"column":4},"end":{"line":33,"column":null}},"type":"if","locations":[{"start":{"line":30,"column":4},"end":{"line":33,"column":null}}]},"5":{"loc":{"start":{"line":35,"column":4},"end":{"line":38,"column":null}},"type":"if","locations":[{"start":{"line":35,"column":4},"end":{"line":38,"column":null}}]}},"s":{"0":1,"1":1,"2":1,"3":1,"4":0,"5":0,"6":0,"7":0,"8":0,"9":0,"10":0,"11":0,"12":0,"13":0,"14":0,"15":0,"16":0,"17":0,"18":1},"f":{"0":0,"1":0},"b":{"0":[0],"1":[0],"2":[0],"3":[0],"4":[0],"5":[0]}}
,"/Users/vahangrigoryan/Desktop/numConversion/assessment/src/number/numbers.ts": {"path":"/Users/vahangrigoryan/Desktop/numConversion/assessment/src/number/numbers.ts","statementMap":{"0":{"start":{"line":1,"column":26},"end":{"line":44,"column":2}},"1":{"start":{"line":48,"column":0},"end":{"line":48,"column":28}}},"fnMap":{},"branchMap":{},"s":{"0":1,"1":1},"f":{},"b":{}}
,"/Users/vahangrigoryan/Desktop/numConversion/assessment/src/utils/lastWord.ts": {"path":"/Users/vahangrigoryan/Desktop/numConversion/assessment/src/utils/lastWord.ts","statementMap":{"0":{"start":{"line":1,"column":0},"end":{"line":1,"column":32}},"1":{"start":{"line":2,"column":0},"end":{"line":2,"column":34}},"2":{"start":{"line":6,"column":4},"end":{"line":10,"column":null}},"3":{"start":{"line":7,"column":8},"end":{"line":7,"column":67}},"4":{"start":{"line":9,"column":8},"end":{"line":9,"column":68}},"5":{"start":{"line":11,"column":4},"end":{"line":11,"column":20}},"6":{"start":{"line":4,"column":0},"end":{"line":4,"column":24}}},"fnMap":{"0":{"name":"lastWord","decl":{"start":{"line":4,"column":24},"end":{"line":4,"column":32}},"loc":{"start":{"line":4,"column":60},"end":{"line":12,"column":1}}}},"branchMap":{"0":{"loc":{"start":{"line":6,"column":4},"end":{"line":10,"column":null}},"type":"if","locations":[{"start":{"line":6,"column":4},"end":{"line":10,"column":null}},{"start":{"line":8,"column":11},"end":{"line":10,"column":null}}]}},"s":{"0":1,"1":1,"2":9,"3":3,"4":6,"5":9,"6":1},"f":{"0":9},"b":{"0":[3,6]}}
}
