TN:
SF:src/index.ts
FN:10,(anonymous_1)
FNF:1
FNH:1
FNDA:21,(anonymous_1)
DA:1,1
DA:2,1
DA:3,1
DA:4,1
DA:5,1
DA:6,1
DA:7,1
DA:8,1
DA:10,1
DA:11,21
DA:12,21
DA:13,21
DA:15,21
DA:17,19
DA:19,11
DA:21,0
DA:23,0
DA:25,0
DA:28,0
DA:30,0
DA:32,0
DA:35,1
DA:38,1
LF:23
LH:17
BRDA:15,0,0,2
BRDA:17,1,0,8
BRDA:19,2,0,11
BRDA:21,3,0,0
BRDA:23,4,0,0
BRDA:25,5,0,0
BRDA:28,6,0,0
BRDA:30,7,0,0
BRDA:32,8,0,0
BRF:9
BRH:3
end_of_record
TN:
SF:src/helper/billions.ts
FN:7,billions
FN:18,(anonymous_2)
FNF:2
FNH:0
FNDA:0,billions
FNDA:0,(anonymous_2)
DA:1,1
DA:2,1
DA:3,1
DA:5,1
DA:7,1
DA:9,0
DA:10,0
DA:12,0
DA:13,0
DA:14,0
DA:15,0
DA:18,0
DA:20,0
DA:22,0
DA:23,0
DA:25,0
DA:26,0
DA:28,0
DA:31,0
DA:33,0
DA:36,0
DA:38,0
DA:41,0
DA:43,0
LF:24
LH:5
BRDA:12,0,0,0
BRDA:18,1,0,0
BRDA:22,2,0,0
BRDA:25,3,0,0
BRDA:31,4,0,0
BRDA:36,5,0,0
BRDA:41,6,0,0
BRF:7
BRH:0
end_of_record
TN:
SF:src/helper/hundreds.ts
FN:5,hundreds
FN:14,(anonymous_2)
FNF:2
FNH:2
FNDA:11,hundreds
FNDA:20,(anonymous_2)
DA:1,1
DA:2,1
DA:3,1
DA:5,1
DA:6,11
DA:8,10
DA:9,0
DA:10,0
DA:11,0
DA:14,20
DA:15,1
DA:16,1
DA:19,9
DA:20,9
DA:21,9
LF:15
LH:12
BRDA:6,0,0,1
BRDA:8,1,0,0
BRDA:14,2,0,1
BRDA:19,3,0,9
BRDA:19,4,0,9
BRDA:19,4,1,9
BRF:6
BRH:5
end_of_record
TN:
SF:src/helper/millions.ts
FN:7,millions
FN:15,(anonymous_2)
FNF:2
FNH:0
FNDA:0,millions
FNDA:0,(anonymous_2)
DA:1,1
DA:2,1
DA:3,1
DA:4,1
DA:7,1
DA:9,0
DA:10,0
DA:11,0
DA:12,0
DA:15,0
DA:17,0
DA:19,0
DA:20,0
DA:22,0
DA:23,0
DA:25,0
DA:28,0
DA:30,0
DA:33,0
DA:35,0
DA:38,0
DA:40,0
LF:22
LH:5
BRDA:9,0,0,0
BRDA:15,1,0,0
BRDA:19,2,0,0
BRDA:22,3,0,0
BRDA:28,4,0,0
BRDA:33,5,0,0
BRDA:38,6,0,0
BRF:7
BRH:0
end_of_record
TN:
SF:src/helper/one.ts
FN:3,one
FNF:1
FNH:1
FNDA:5,one
DA:1,1
DA:3,1
DA:4,5
DA:5,5
DA:6,5
DA:8,5
LF:6
LH:6
BRDA:5,0,0,5
BRF:1
BRH:1
end_of_record
TN:
SF:src/helper/tens.ts
FN:4,tens
FN:16,(anonymous_2)
FNF:2
FNH:2
FNDA:14,tens
FNDA:12,(anonymous_2)
DA:1,1
DA:2,1
DA:4,1
DA:6,14
DA:7,0
DA:8,0
DA:9,0
DA:12,14
DA:13,2
DA:14,2
DA:16,12
DA:17,3
DA:18,3
DA:20,9
DA:21,9
DA:22,9
DA:24,0
LF:17
LH:13
BRDA:6,0,0,0
BRDA:12,1,0,2
BRDA:16,2,0,3
BRDA:20,3,0,9
BRF:4
BRH:3
end_of_record
TN:
SF:src/helper/thousands.ts
FN:6,thousands
FN:15,(anonymous_2)
FNF:2
FNH:0
FNDA:0,thousands
FNDA:0,(anonymous_2)
DA:1,1
DA:2,1
DA:3,1
DA:4,1
DA:6,1
DA:7,0
DA:9,0
DA:10,0
DA:11,0
DA:12,0
DA:15,0
DA:17,0
DA:19,0
DA:20,0
DA:22,0
DA:23,0
DA:25,0
DA:26,0
DA:29,0
DA:30,0
DA:31,0
DA:32,0
DA:34,0
DA:36,0
DA:37,0
DA:38,0
DA:40,0
DA:42,0
DA:44,0
DA:46,0
DA:49,0
DA:51,0
DA:52,0
DA:54,0
DA:56,0
DA:58,0
DA:60,0
DA:62,0
DA:64,0
DA:67,0
DA:71,0
LF:41
LH:5
BRDA:9,0,0,0
BRDA:15,1,0,0
BRDA:19,2,0,0
BRDA:22,3,0,0
BRDA:29,4,0,0
BRDA:30,5,0,0
BRDA:30,6,0,0
BRDA:30,6,1,0
BRDA:36,7,0,0
BRDA:40,8,0,0
BRDA:40,9,0,0
BRDA:40,9,1,0
BRDA:44,10,0,0
BRDA:51,11,0,0
BRDA:54,12,0,0
BRDA:54,13,0,0
BRDA:54,13,1,0
BRDA:54,13,2,0
BRDA:58,14,0,0
BRDA:58,15,0,0
BRDA:58,15,1,0
BRDA:62,16,0,0
BRF:22
BRH:0
end_of_record
TN:
SF:src/helper/trillions.ts
FN:9,trillions
FN:12,(anonymous_2)
FNF:2
FNH:0
FNDA:0,trillions
FNDA:0,(anonymous_2)
DA:1,1
DA:3,1
DA:4,1
DA:6,1
DA:9,1
DA:12,0
DA:14,0
DA:16,0
DA:17,0
DA:19,0
DA:20,0
DA:22,0
DA:25,0
DA:27,0
DA:30,0
DA:32,0
DA:35,0
DA:37,0
LF:18
LH:5
BRDA:12,0,0,0
BRDA:16,1,0,0
BRDA:19,2,0,0
BRDA:25,3,0,0
BRDA:30,4,0,0
BRDA:35,5,0,0
BRF:6
BRH:0
end_of_record
TN:
SF:src/number/numbers.ts
FNF:0
FNH:0
DA:1,1
DA:48,1
LF:2
LH:2
BRF:0
BRH:0
end_of_record
TN:
SF:src/utils/lastWord.ts
FN:4,lastWord
FNF:1
FNH:1
FNDA:9,lastWord
DA:1,1
DA:2,1
DA:4,1
DA:6,9
DA:7,3
DA:9,6
DA:11,9
LF:7
LH:7
BRDA:6,0,0,3
BRDA:6,0,1,6
BRF:2
BRH:2
end_of_record
